c:\workspace_nex1\data_structure\debug\vc143.pdb
c:\workspace_nex1\data_structure\debug\vc143.idb
c:\workspace_nex1\data_structure\debug\sll2.obj
c:\workspace_nex1\data_structure\debug\sll.obj
c:\workspace_nex1\data_structure\debug\heap.obj
c:\workspace_nex1\data_structure\debug\dll.obj
c:\workspace_nex1\data_structure\debug\day13_250120.obj
c:\workspace_nex1\data_structure\debug\day12_250117.obj
c:\workspace_nex1\data_structure\debug\day11_250116.obj
c:\workspace_nex1\data_structure\debug\day10_250115.obj
c:\workspace_nex1\c_programming250102\debug\data_structure.exe
c:\workspace_nex1\c_programming250102\debug\data_structure.pdb
c:\workspace_nex1\data_structure\debug\data_structure.ilk
c:\workspace_nex1\data_structure\debug\data_structure.tlog\cl.command.1.tlog
c:\workspace_nex1\data_structure\debug\data_structure.tlog\cl.items.tlog
c:\workspace_nex1\data_structure\debug\data_structure.tlog\cl.read.1.tlog
c:\workspace_nex1\data_structure\debug\data_structure.tlog\cl.write.1.tlog
c:\workspace_nex1\data_structure\debug\data_structure.tlog\link.command.1.tlog
c:\workspace_nex1\data_structure\debug\data_structure.tlog\link.read.1.tlog
c:\workspace_nex1\data_structure\debug\data_structure.tlog\link.secondary.1.tlog
c:\workspace_nex1\data_structure\debug\data_structure.tlog\link.write.1.tlog
