c:\workspace_nex1\c_programming250102\c_progra.1fd99a95\debug\vc143.pdb
c:\workspace_nex1\c_programming250102\c_progra.1fd99a95\debug\vc143.idb
c:\workspace_nex1\c_programming250102\c_progra.1fd99a95\debug\day10_250115.obj
c:\workspace_nex1\c_programming250102\c_progra.1fd99a95\debug\day09_250114.obj
c:\workspace_nex1\c_programming250102\c_progra.1fd99a95\debug\day08_250113.obj
c:\workspace_nex1\c_programming250102\c_progra.1fd99a95\debug\day07_250110.obj
c:\workspace_nex1\c_programming250102\c_progra.1fd99a95\debug\day06_250109.obj
c:\workspace_nex1\c_programming250102\c_progra.1fd99a95\debug\day05_250108.obj
c:\workspace_nex1\c_programming250102\c_progra.1fd99a95\debug\day04_250107.obj
c:\workspace_nex1\c_programming250102\c_progra.1fd99a95\debug\day03_250106.obj
c:\workspace_nex1\c_programming250102\c_progra.1fd99a95\debug\day01_250102.obj
c:\workspace_nex1\c_programming250102\c_progra.1fd99a95\debug\b.obj
c:\workspace_nex1\c_programming250102\c_progra.1fd99a95\debug\a.obj
c:\workspace_nex1\c_programming250102\debug\c_programming250102.pdb
c:\workspace_nex1\c_programming250102\c_progra.1fd99a95\debug\c_progra.1fd99a95.tlog\cl.command.1.tlog
c:\workspace_nex1\c_programming250102\c_progra.1fd99a95\debug\c_progra.1fd99a95.tlog\cl.read.1.tlog
c:\workspace_nex1\c_programming250102\c_progra.1fd99a95\debug\c_progra.1fd99a95.tlog\cl.write.1.tlog
c:\workspace_nex1\c_programming250102\c_progra.1fd99a95\debug\c_progra.1fd99a95.tlog\link-cvtres.read.1.tlog
c:\workspace_nex1\c_programming250102\c_progra.1fd99a95\debug\c_progra.1fd99a95.tlog\link-cvtres.write.1.tlog
c:\workspace_nex1\c_programming250102\c_progra.1fd99a95\debug\c_progra.1fd99a95.tlog\link-rc.read.1.tlog
c:\workspace_nex1\c_programming250102\c_progra.1fd99a95\debug\c_progra.1fd99a95.tlog\link-rc.write.1.tlog
c:\workspace_nex1\c_programming250102\c_progra.1fd99a95\debug\c_progra.1fd99a95.tlog\link.command.1.tlog
c:\workspace_nex1\c_programming250102\c_progra.1fd99a95\debug\c_progra.1fd99a95.tlog\link.read.1.tlog
c:\workspace_nex1\c_programming250102\c_progra.1fd99a95\debug\c_progra.1fd99a95.tlog\link.write.1.tlog
